2020-02-01 20:28:37,676 - start - INFO - Application started
2020-02-01 20:28:37,676 - control - INFO - Configuration from config.json loaded with 2 LED(s)
2020-02-01 20:28:50,080 - start - INFO - Client connected
2020-02-01 20:28:56,647 - start - INFO - Message received: {"name":"all","type":"animation","animationType":"breathing","animationSpeed":"1"}
2020-02-01 20:28:56,647 - control - INFO - Message parsed
2020-02-01 20:28:56,647 - websockets.server - ERROR - Error in connection handler
Traceback (most recent call last):
  File "C:\Users\leona\AppData\Local\Programs\Python\Python37\lib\site-packages\websockets\server.py", line 191, in handler
    await self.ws_handler(self, path)
  File "C:/Users/leona/git/led_control/start.py", line 20, in consumer_handler
    controller.parse(data)
  File "C:\Users\leona\git\led_control\control.py", line 29, in parse
    self.set_led(led, data)
  File "C:\Users\leona\git\led_control\control.py", line 41, in set_led
    float(data["animationSpeed"]))
  File "C:\Users\leona\git\led_control\led.py", line 35, in start_animation
    self.animation.set_animation_type(animation_type)
  File "C:\Users\leona\git\led_control\animation.py", line 20, in set_animation_type
    self.animationType = AnimationBreathing(self.led.get_color())
  File "C:\Users\leona\git\led_control\animation.py", line 98, in __init__
    multiplier = 255 / max(color)
ZeroDivisionError: division by zero
2020-02-01 20:29:18,136 - start - INFO - Client connected
2020-02-01 20:29:24,716 - start - INFO - Message received: {"name":"all","type":"static","color":"ffffff"}
2020-02-01 20:29:24,716 - control - INFO - Message parsed
2020-02-01 20:29:24,717 - control - INFO - Led bed set to static ffffff
2020-02-01 20:29:24,717 - control - INFO - Led desk set to static ffffff
2020-02-01 20:32:04,848 - start - INFO - Message received: {"name":"bed","type":"animation","animationType":"breathing","animationSpeed":"1"}
2020-02-01 20:32:04,848 - control - INFO - Message parsed
2020-02-01 20:32:04,849 - control - INFO - Led bed set to animation breathing
2020-02-01 20:32:06,508 - start - INFO - Message received: {"name":"bed","type":"animation","animationType":"stop","animationSpeed":"1"}
2020-02-01 20:32:06,509 - control - INFO - Message parsed
2020-02-01 20:32:06,527 - control - INFO - Led bed set to animation stop
2020-02-01 20:32:08,508 - start - INFO - Message received: {"name":"bed","type":"animation","animationType":"colorcirclebreathing","animationSpeed":"1"}
2020-02-01 20:32:08,508 - control - INFO - Message parsed
2020-02-01 20:32:08,508 - control - INFO - Led bed set to animation colorcirclebreathing
2020-02-01 20:32:10,508 - start - INFO - Message received: {"name":"bed","type":"animation","animationType":"colorcirclebreathing","animationSpeed":"1"}
2020-02-01 20:32:10,508 - control - INFO - Message parsed
2020-02-01 20:32:10,508 - control - INFO - Led bed set to animation colorcirclebreathing
2020-02-01 20:32:12,099 - start - INFO - Message received: {"name":"bed","type":"animation","animationType":"stop","animationSpeed":"1"}
2020-02-01 20:32:12,099 - control - INFO - Message parsed
2020-02-01 20:32:12,118 - control - INFO - Led bed set to animation stop
2020-02-01 20:32:25,718 - start - INFO - Application started
2020-02-01 20:32:25,719 - control - INFO - Configuration from config.json loaded with 2 LED(s)
2020-02-01 20:32:35,757 - start - INFO - Client connected
2020-02-01 20:32:48,907 - start - INFO - Message received: {"name":"all","type":"static","color":"ffffff"}
2020-02-01 20:32:48,907 - control - INFO - Message parsed
2020-02-01 20:32:48,907 - control - INFO - Led bed set to static ffffff
2020-02-01 20:32:48,907 - control - INFO - Led desk set to static ffffff
2020-02-01 20:32:52,962 - start - INFO - Message received: {"name":"bed","type":"static","color":"000000"}
2020-02-01 20:32:52,962 - control - INFO - Message parsed
2020-02-01 20:32:52,962 - control - INFO - Led bed set to static 000000
2020-02-01 20:32:53,664 - start - INFO - Message received: {"name":"bed","type":"static","color":"ffffff"}
2020-02-01 20:32:53,664 - control - INFO - Message parsed
2020-02-01 20:32:53,664 - control - INFO - Led bed set to static ffffff
2020-02-01 20:33:10,997 - start - INFO - Message received: {"name":"bed","type":"animation","animationType":"stop","animationSpeed":"1"}
2020-02-01 20:33:10,997 - control - INFO - Message parsed
2020-02-01 20:33:10,998 - control - INFO - Led bed set to animation stop
2020-02-01 20:33:39,098 - start - INFO - Message received: {"name":"bed","type":"animation","animationType":"colorcirclebreathing","animationSpeed":"1"}
2020-02-01 20:33:39,098 - control - INFO - Message parsed
2020-02-01 20:33:39,100 - control - INFO - Led bed set to animation colorcirclebreathing
2020-02-01 20:36:41,964 - start - INFO - Application started
2020-02-01 20:36:41,965 - control - INFO - Configuration from config.json loaded with 2 LED(s)
2020-02-01 20:36:46,003 - start - INFO - Client connected
2020-02-01 20:36:52,087 - start - INFO - Message received: {"name":"bed","type":"animation","animationType":"colorcirclebreathing","animationSpeed":"1"}
2020-02-01 20:36:52,087 - control - INFO - Message parsed
2020-02-01 20:36:52,089 - control - INFO - Led bed set to animation colorcirclebreathing
2020-02-01 20:38:29,164 - start - INFO - Application started
2020-02-01 20:38:29,165 - control - INFO - Configuration from config.json loaded with 2 LED(s)
2020-02-01 20:38:44,332 - start - INFO - Application started
2020-02-01 20:38:44,333 - control - INFO - Configuration from config.json loaded with 2 LED(s)
2020-02-01 20:38:51,729 - start - INFO - Client connected
2020-02-01 20:38:54,715 - start - INFO - Message received: {"name":"bed","type":"animation","animationType":"colorcirclebreathing","animationSpeed":"1"}
2020-02-01 20:38:54,715 - control - INFO - Message parsed
2020-02-01 20:38:54,717 - control - INFO - Led bed set to animation colorcirclebreathing
2020-02-01 20:47:58,212 - start - INFO - Application started
2020-02-01 20:47:58,212 - control - INFO - Configuration from config.json loaded with 2 LED(s)
